<?xml version="1.0" encoding="UTF-8"?>
<!-- Generated by org.testng.reporters.JUnitReportReporter -->
<testsuite hostname="WKWIN7010077" name="com.w2e.java.testrunner" tests="1" failures="0" timestamp="5 Mar 2021 14:39:30 GMT" time="16.648" errors="0">
  <testcase name="feature" time="16.648" classname="com.w2e.java.testrunner"/>
</testsuite> <!-- com.w2e.java.testrunner -->
