<?xml version="1.0" encoding="UTF-8"?>
<!-- Generated by org.testng.reporters.JUnitReportReporter -->
<testsuite hostname="WKWIN7010077" name="com.w2e.java.CarsearchSteps" tests="1" failures="0" timestamp="23 Mar 2021 17:15:32 GMT" time="5.294" errors="0">
  <testcase name="i_am_on_the_Homepage_of_carsguide_website" time="5.294" classname="com.w2e.java.CarsearchSteps"/>
</testsuite> <!-- com.w2e.java.CarsearchSteps -->
